<?xml version="1.0" encoding="UTF-8"?>
<robot generator="Robot 3.1.1 (Python 3.7.4 on win32)" generated="20190819 17:01:23.717" rpa="false">
<suite id="s1" name="TestSite" source="Z:\SPO\Users\Adriano Valumin\Cursos\Robot\test2\tests\TestSite.robot">
<test id="s1-t1" name="Caso de Teste 01: Pesquisar produto existente">
<kw name="Abrir navegador" library="Resource" type="setup">
<kw name="Open Browser" library="SeleniumLibrary">
<doc>Opens a new browser instance to the given ``url``.</doc>
<arguments>
<arg>${URL}</arg>
<arg>${BROWSER}</arg>
</arguments>
<msg timestamp="20190819 17:01:24.002" level="INFO">Opening browser 'chrome' to base url 'http://automationpractice.com'.</msg>
<kw name="Capture Page Screenshot" library="SeleniumLibrary">
<doc>Takes screenshot of the current page and embeds it into log file.</doc>
<msg timestamp="20190819 17:07:26.247" level="FAIL">AttributeError: 'NoneType' object has no attribute 'encode'</msg>
<status status="FAIL" starttime="20190819 17:06:31.599" endtime="20190819 17:07:26.248"></status>
</kw>
<msg timestamp="20190819 17:07:26.248" level="WARN">Keyword 'Capture Page Screenshot' could not be run on failure: AttributeError: 'NoneType' object has no attribute 'encode'</msg>
<msg timestamp="20190819 17:07:26.267" level="FAIL">TimeoutException: Message: timeout
  (Session info: chrome=75.0.3770.100)
</msg>
<status status="FAIL" starttime="20190819 17:01:24.002" endtime="20190819 17:07:26.267"></status>
</kw>
<status status="FAIL" starttime="20190819 17:01:24.001" endtime="20190819 17:07:26.267"></status>
</kw>
<kw name="Fechar navegador" library="Resource" type="teardown">
<kw name="Close Browser" library="SeleniumLibrary">
<doc>Closes the current browser.</doc>
<status status="PASS" starttime="20190819 17:07:26.268" endtime="20190819 17:07:28.321"></status>
</kw>
<status status="PASS" starttime="20190819 17:07:26.268" endtime="20190819 17:07:28.321"></status>
</kw>
<status status="FAIL" starttime="20190819 17:01:24.000" endtime="20190819 17:07:28.322" critical="yes">Setup failed:
TimeoutException: Message: timeout
  (Session info: chrome=75.0.3770.100)
</status>
</test>
<test id="s1-t2" name="Caso de Teste 02: Pesquisar produto não existente">
<kw name="Abrir navegador" library="Resource" type="setup">
<kw name="Open Browser" library="SeleniumLibrary">
<doc>Opens a new browser instance to the given ``url``.</doc>
<arguments>
<arg>${URL}</arg>
<arg>${BROWSER}</arg>
</arguments>
<msg timestamp="20190819 17:07:28.374" level="INFO">Opening browser 'chrome' to base url 'http://automationpractice.com'.</msg>
<status status="PASS" starttime="20190819 17:07:28.374" endtime="20190819 17:12:05.882"></status>
</kw>
<status status="PASS" starttime="20190819 17:07:28.373" endtime="20190819 17:12:05.882"></status>
</kw>
<kw name="Acessar a página home do site" library="Resource">
<kw name="Title Should Be" library="SeleniumLibrary">
<doc>Verifies that current page title equals ``title``.</doc>
<arguments>
<arg>My Store</arg>
</arguments>
<msg timestamp="20190819 17:12:05.888" level="INFO">Page title is 'My Store'.</msg>
<status status="PASS" starttime="20190819 17:12:05.883" endtime="20190819 17:12:05.888"></status>
</kw>
<status status="PASS" starttime="20190819 17:12:05.883" endtime="20190819 17:12:05.888"></status>
</kw>
<kw name="Digitar o nome do produto &quot;ItemNaoExistente&quot; no campo de Pesquisar" library="Resource">
<kw name="Wait Until Element Is Visible" library="SeleniumLibrary">
<doc>Waits until element ``locator`` is visible.</doc>
<arguments>
<arg>xpath=//*[@id="search_query_top"]</arg>
</arguments>
<status status="PASS" starttime="20190819 17:12:05.889" endtime="20190819 17:12:06.347"></status>
</kw>
<kw name="Input Text" library="SeleniumLibrary">
<doc>Types the given ``text`` into text field identified by ``locator``.</doc>
<arguments>
<arg>name=search_query</arg>
<arg>ItemNaoExistente</arg>
</arguments>
<msg timestamp="20190819 17:12:06.347" level="INFO">Typing text 'ItemNaoExistente' into text field 'name=search_query'.</msg>
<status status="PASS" starttime="20190819 17:12:06.347" endtime="20190819 17:12:06.459"></status>
</kw>
<status status="PASS" starttime="20190819 17:12:05.888" endtime="20190819 17:12:06.460"></status>
</kw>
<kw name="Clicar no botão Pesquisar" library="Resource">
<kw name="Click Button" library="SeleniumLibrary">
<doc>Clicks button identified by ``locator``.</doc>
<arguments>
<arg>name=submit_search</arg>
</arguments>
<msg timestamp="20190819 17:12:06.461" level="INFO">Clicking button 'name=submit_search'.</msg>
<status status="PASS" starttime="20190819 17:12:06.461" endtime="20190819 17:12:07.977"></status>
</kw>
<status status="PASS" starttime="20190819 17:12:06.460" endtime="20190819 17:12:07.978"></status>
</kw>
<kw name="Conferir mensagem de erro &quot;No results were found for your search &quot;ItemNãoExistente&quot;&quot;" library="Resource">
<kw name="Wait Until Element Is Visible" library="SeleniumLibrary">
<doc>Waits until element ``locator`` is visible.</doc>
<arguments>
<arg>css=#center_column &gt; h1</arg>
</arguments>
<status status="PASS" starttime="20190819 17:12:07.978" endtime="20190819 17:12:08.007"></status>
</kw>
<kw name="Page Should Contain Element" library="SeleniumLibrary">
<doc>Verifies that element ``locator`` is found on the current page.</doc>
<arguments>
<arg>xpath=//*[@id="center_column"]//*[@class="alert alert-warning"]</arg>
</arguments>
<msg timestamp="20190819 17:12:08.019" level="INFO">Current page contains element 'xpath=//*[@id="center_column"]//*[@class="alert alert-warning"]'.</msg>
<status status="PASS" starttime="20190819 17:12:08.007" endtime="20190819 17:12:08.019"></status>
</kw>
<status status="PASS" starttime="20190819 17:12:07.978" endtime="20190819 17:12:08.019"></status>
</kw>
<kw name="Fechar navegador" library="Resource" type="teardown">
<kw name="Close Browser" library="SeleniumLibrary">
<doc>Closes the current browser.</doc>
<status status="PASS" starttime="20190819 17:12:08.020" endtime="20190819 17:12:10.235"></status>
</kw>
<status status="PASS" starttime="20190819 17:12:08.020" endtime="20190819 17:12:10.235"></status>
</kw>
<status status="PASS" starttime="20190819 17:07:28.372" endtime="20190819 17:12:10.235" critical="yes"></status>
</test>
<status status="FAIL" starttime="20190819 17:01:23.725" endtime="20190819 17:12:10.238"></status>
</suite>
<statistics>
<total>
<stat pass="1" fail="1">Critical Tests</stat>
<stat pass="1" fail="1">All Tests</stat>
</total>
<tag>
</tag>
<suite>
<stat pass="1" fail="1" id="s1" name="TestSite">TestSite</stat>
</suite>
</statistics>
<errors>
<msg timestamp="20190819 17:07:26.248" level="WARN">Keyword 'Capture Page Screenshot' could not be run on failure: AttributeError: 'NoneType' object has no attribute 'encode'</msg>
</errors>
</robot>
